# JRE version: OpenJDK Runtime Environment (8.0_152-b01) (build 1.8.0_152-release-1024-b01)
# Java VM: OpenJDK 64-Bit Server VM (25.152-b01 mixed mode linux-amd64 compressed oops)
Heap:
 PSYoungGen      total 28160K, used 10869K [0x00000000f5580000, 0x00000000f8080000, 0x0000000100000000)
  eden space 22528K, 36% used [0x00000000f5580000,0x00000000f5d6ff00,0x00000000f6b80000)
  from space 5632K, 48% used [0x00000000f6b80000,0x00000000f6e2d6c8,0x00000000f7100000)
  to   space 5632K, 0% used [0x00000000f7b00000,0x00000000f7b00000,0x00000000f8080000)
 ParOldGen       total 31744K, used 9155K [0x00000000e0000000, 0x00000000e1f00000, 0x00000000f5580000)
  object space 31744K, 28% used [0x00000000e0000000,0x00000000e08f0fd8,0x00000000e1f00000)
 Metaspace       used 25412K, capacity 25936K, committed 26240K, reserved 1071104K
  class space    used 3465K, capacity 3627K, committed 3712K, reserved 1048576K
GC Heap History (10 events):
Event: 18,918 GC heap before
{Heap before GC invocations=8 (full 0):
 PSYoungGen      total 20992K, used 19260K [0x00000000f5580000, 0x00000000f6f80000, 0x0000000100000000)
  eden space 15360K, 100% used [0x00000000f5580000,0x00000000f6480000,0x00000000f6480000)
  from space 5632K, 69% used [0x00000000f6480000,0x00000000f684f150,0x00000000f6a00000)
  to   space 5632K, 0% used [0x00000000f6a00000,0x00000000f6a00000,0x00000000f6f80000)
 ParOldGen       total 42496K, used 5904K [0x00000000e0000000, 0x00000000e2980000, 0x00000000f5580000)
  object space 42496K, 13% used [0x00000000e0000000,0x00000000e05c4290,0x00000000e2980000)
 Metaspace       used 17412K, capacity 17882K, committed 18048K, reserved 1064960K
  class space    used 2513K, capacity 2657K, committed 2688K, reserved 1048576K
Event: 19,071 GC heap after
Heap after GC invocations=8 (full 0):
 PSYoungGen      total 20992K, used 3576K [0x00000000f5580000, 0x00000000f7e80000, 0x0000000100000000)
  eden space 15360K, 0% used [0x00000000f5580000,0x00000000f5580000,0x00000000f6480000)
  from space 5632K, 63% used [0x00000000f6a00000,0x00000000f6d7e128,0x00000000f6f80000)
  to   space 5632K, 0% used [0x00000000f6480000,0x00000000f6480000,0x00000000f6a00000)
 ParOldGen       total 42496K, used 6881K [0x00000000e0000000, 0x00000000e2980000, 0x00000000f5580000)
  object space 42496K, 16% used [0x00000000e0000000,0x00000000e06b8690,0x00000000e2980000)
 Metaspace       used 17412K, capacity 17882K, committed 18048K, reserved 1064960K
  class space    used 2513K, capacity 2657K, committed 2688K, reserved 1048576K
}
Event: 20,266 GC heap before
{Heap before GC invocations=9 (full 0):
 PSYoungGen      total 20992K, used 18064K [0x00000000f5580000, 0x00000000f7e80000, 0x0000000100000000)
  eden space 15360K, 94% used [0x00000000f5580000,0x00000000f63a5ef8,0x00000000f6480000)
  from space 5632K, 63% used [0x00000000f6a00000,0x00000000f6d7e128,0x00000000f6f80000)
  to   space 5632K, 0% used [0x00000000f6480000,0x00000000f6480000,0x00000000f6a00000)
 ParOldGen       total 42496K, used 6881K [0x00000000e0000000, 0x00000000e2980000, 0x00000000f5580000)
  object space 42496K, 16% used [0x00000000e0000000,0x00000000e06b8690,0x00000000e2980000)
 Metaspace       used 20748K, capacity 21146K, committed 21248K, reserved 1067008K
  class space    used 2897K, capacity 3041K, committed 3072K, reserved 1048576K
Event: 20,285 GC heap after
Heap after GC invocations=9 (full 0):
 PSYoungGen      total 20992K, used 4188K [0x00000000f5580000, 0x00000000f7880000, 0x0000000100000000)
  eden space 15360K, 0% used [0x00000000f5580000,0x00000000f5580000,0x00000000f6480000)
  from space 5632K, 74% used [0x00000000f6480000,0x00000000f6897090,0x00000000f6a00000)
  to   space 5632K, 0% used [0x00000000f7300000,0x00000000f7300000,0x00000000f7880000)
 ParOldGen       total 42496K, used 7729K [0x00000000e0000000, 0x00000000e2980000, 0x00000000f5580000)
  object space 42496K, 18% used [0x00000000e0000000,0x00000000e078c520,0x00000000e2980000)
 Metaspace       used 20748K, capacity 21146K, committed 21248K, reserved 1067008K
  class space    used 2897K, capacity 3041K, committed 3072K, reserved 1048576K
}
Event: 20,285 GC heap before
{Heap before GC invocations=10 (full 1):
 PSYoungGen      total 20992K, used 4188K [0x00000000f5580000, 0x00000000f7880000, 0x0000000100000000)
  eden space 15360K, 0% used [0x00000000f5580000,0x00000000f5580000,0x00000000f6480000)
  from space 5632K, 74% used [0x00000000f6480000,0x00000000f6897090,0x00000000f6a00000)
  to   space 5632K, 0% used [0x00000000f7300000,0x00000000f7300000,0x00000000f7880000)
 ParOldGen       total 42496K, used 7729K [0x00000000e0000000, 0x00000000e2980000, 0x00000000f5580000)
  object space 42496K, 18% used [0x00000000e0000000,0x00000000e078c520,0x00000000e2980000)
 Metaspace       used 20748K, capacity 21146K, committed 21248K, reserved 1067008K
  class space    used 2897K, capacity 3041K, committed 3072K, reserved 1048576K
Event: 20,415 GC heap after
Heap after GC invocations=10 (full 1):
 PSYoungGen      total 20992K, used 0K [0x00000000f5580000, 0x00000000f7880000, 0x0000000100000000)
  eden space 15360K, 0% used [0x00000000f5580000,0x00000000f5580000,0x00000000f6480000)
  from space 5632K, 0% used [0x00000000f6480000,0x00000000f6480000,0x00000000f6a00000)
  to   space 5632K, 0% used [0x00000000f7300000,0x00000000f7300000,0x00000000f7880000)
 ParOldGen       total 31744K, used 8075K [0x00000000e0000000, 0x00000000e1f00000, 0x00000000f5580000)
  object space 31744K, 25% used [0x00000000e0000000,0x00000000e07e2f68,0x00000000e1f00000)
 Metaspace       used 20748K, capacity 21146K, committed 21248K, reserved 1067008K
  class space    used 2897K, capacity 3041K, committed 3072K, reserved 1048576K
}
Event: 27,917 GC heap before
{Heap before GC invocations=11 (full 1):
 PSYoungGen      total 20992K, used 15360K [0x00000000f5580000, 0x00000000f7880000, 0x0000000100000000)
  eden space 15360K, 100% used [0x00000000f5580000,0x00000000f6480000,0x00000000f6480000)
  from space 5632K, 0% used [0x00000000f6480000,0x00000000f6480000,0x00000000f6a00000)
  to   space 5632K, 0% used [0x00000000f7300000,0x00000000f7300000,0x00000000f7880000)
 ParOldGen       total 31744K, used 8075K [0x00000000e0000000, 0x00000000e1f00000, 0x00000000f5580000)
  object space 31744K, 25% used [0x00000000e0000000,0x00000000e07e2f68,0x00000000e1f00000)
 Metaspace       used 22562K, capacity 23076K, committed 23296K, reserved 1069056K
  class space    used 3063K, capacity 3209K, committed 3328K, reserved 1048576K
Event: 28,296 GC heap after
Heap after GC invocations=11 (full 1):
 PSYoungGen      total 26112K, used 1975K [0x00000000f5580000, 0x00000000f7680000, 0x0000000100000000)
  eden space 22528K, 0% used [0x00000000f5580000,0x00000000f5580000,0x00000000f6b80000)
  from space 3584K, 55% used [0x00000000f7300000,0x00000000f74edc30,0x00000000f7680000)
  to   space 5632K, 0% used [0x00000000f6b80000,0x00000000f6b80000,0x00000000f7100000)
 ParOldGen       total 31744K, used 8083K [0x00000000e0000000, 0x00000000e1f00000, 0x00000000f5580000)
  object space 31744K, 25% used [0x00000000e0000000,0x00000000e07e4f68,0x00000000e1f00000)
 Metaspace       used 22562K, capacity 23076K, committed 23296K, reserved 1069056K
  class space    used 3063K, capacity 3209K, committed 3328K, reserved 1048576K
}
Event: 47,309 GC heap before
{Heap before GC invocations=12 (full 1):
 PSYoungGen      total 26112K, used 24503K [0x00000000f5580000, 0x00000000f7680000, 0x0000000100000000)
  eden space 22528K, 100% used [0x00000000f5580000,0x00000000f6b80000,0x00000000f6b80000)
  from space 3584K, 55% used [0x00000000f7300000,0x00000000f74edc30,0x00000000f7680000)
  to   space 5632K, 0% used [0x00000000f6b80000,0x00000000f6b80000,0x00000000f7100000)
 ParOldGen       total 31744K, used 8083K [0x00000000e0000000, 0x00000000e1f00000, 0x00000000f5580000)
  object space 31744K, 25% used [0x00000000e0000000,0x00000000e07e4f68,0x00000000e1f00000)
 Metaspace       used 24532K, capacity 25034K, committed 25344K, reserved 1071104K
  class space    used 3398K, capacity 3562K, committed 3584K, reserved 1048576K
Event: 47,628 GC heap after
Heap after GC invocations=12 (full 1):
 PSYoungGen      total 28160K, used 2741K [0x00000000f5580000, 0x00000000f8080000, 0x0000000100000000)
  eden space 22528K, 0% used [0x00000000f5580000,0x00000000f5580000,0x00000000f6b80000)
  from space 5632K, 48% used [0x00000000f6b80000,0x00000000f6e2d6c8,0x00000000f7100000)
  to   space 5632K, 0% used [0x00000000f7b00000,0x00000000f7b00000,0x00000000f8080000)
 ParOldGen       total 31744K, used 9155K [0x00000000e0000000, 0x00000000e1f00000, 0x00000000f5580000)
  object space 31744K, 28% used [0x00000000e0000000,0x00000000e08f0fd8,0x00000000e1f00000)
 Metaspace       used 24532K, capacity 25034K, committed 25344K, reserved 1071104K
  class space    used 3398K, capacity 3562K, committed 3584K, reserved 1048576K
}

